<?xml version="1.0" encoding="UTF-8"?><testsuite errors="0" failures="0" name="Diet-friendly Smoothies" skipped="2" tests="7" time="0.34" timestamp="2022-03-28 09:35:38"><testcase name="Smoothies are organised into categories based on their number of calories"/><testcase name="Dieting members are shown which smoothies fit their diet requirements"/><testcase name="Dieting members should be proposed healthy alternatives"><skipped/></testcase><testcase name="Dieting members should be encouraged when they select a healthy option"><skipped/></testcase></testsuite>